2018-07-28 21:07:29,866 [main] INFO  com.github.xxl.job.admin.Application 48 - Starting Application on feltondeMacBook-Pro.local with PID 50652 (/Users/felton/Workspace/github/xxl-job-admin-spring-boot/target/classes started by felton in /Users/felton/Workspace/github/xxl-job-admin-spring-boot)
2018-07-28 21:07:29,870 [main] INFO  com.github.xxl.job.admin.Application 597 - The following profiles are active: dev
2018-07-28 21:07:30,127 [background-preinit] INFO  o.h.validator.internal.util.Version 30 - HV000001: Hibernate Validator 5.3.6.Final
2018-07-28 21:07:30,180 [main] INFO  o.s.b.c.e.AnnotationConfigEmbeddedWebApplicationContext 583 - Refreshing org.springframework.boot.context.embedded.AnnotationConfigEmbeddedWebApplicationContext@21129f1f: startup date [Sat Jul 28 21:07:30 CST 2018]; root of context hierarchy
2018-07-28 21:07:30,734 [main] WARN  o.m.s.mapper.ClassPathMapperScanner 166 - No MyBatis mapper was found in '[com.github.xxl.job.admin]' package. Please check your configuration.
2018-07-28 21:07:30,829 [main] WARN  o.s.c.a.ConfigurationClassPostProcessor 373 - Cannot enhance @Configuration bean definition 'config' since its singleton instance has been created too early. The typical cause is a non-static @Bean method with a BeanDefinitionRegistryPostProcessor return type: Consider declaring such methods as 'static'.
2018-07-28 21:07:31,496 [main] INFO  o.s.b.c.e.t.TomcatEmbeddedServletContainer 92 - Tomcat initialized with port(s): 9000 (http)
2018-07-28 21:07:31,512 [main] INFO  o.a.coyote.http11.Http11NioProtocol 180 - Initializing ProtocolHandler ["http-nio-9000"]
2018-07-28 21:07:31,524 [main] INFO  o.a.catalina.core.StandardService 180 - Starting service [Tomcat]
2018-07-28 21:07:31,525 [main] INFO  o.a.catalina.core.StandardEngine 180 - Starting Servlet Engine: Apache Tomcat/8.5.31
2018-07-28 21:07:31,618 [localhost-startStop-1] INFO  o.a.c.c.C.[Tomcat].[localhost].[/] 180 - Initializing Spring embedded WebApplicationContext
2018-07-28 21:07:31,618 [localhost-startStop-1] INFO  o.s.web.context.ContextLoader 276 - Root WebApplicationContext: initialization completed in 1438 ms
2018-07-28 21:07:31,857 [localhost-startStop-1] INFO  o.s.b.w.s.ServletRegistrationBean 191 - Mapping servlet: 'dispatcherServlet' to [/]
2018-07-28 21:07:31,861 [localhost-startStop-1] INFO  o.s.b.w.s.FilterRegistrationBean 259 - Mapping filter: 'characterEncodingFilter' to: [/*]
2018-07-28 21:07:31,862 [localhost-startStop-1] INFO  o.s.b.w.s.FilterRegistrationBean 259 - Mapping filter: 'hiddenHttpMethodFilter' to: [/*]
2018-07-28 21:07:31,862 [localhost-startStop-1] INFO  o.s.b.w.s.FilterRegistrationBean 259 - Mapping filter: 'httpPutFormContentFilter' to: [/*]
2018-07-28 21:07:31,862 [localhost-startStop-1] INFO  o.s.b.w.s.FilterRegistrationBean 259 - Mapping filter: 'requestContextFilter' to: [/*]
2018-07-28 21:07:31,987 [MLog-Init-Reporter] INFO  com.mchange.v2.log.MLog 212 - MLog clients using slf4j logging.
2018-07-28 21:07:32,017 [main] INFO  com.mchange.v2.c3p0.C3P0Registry 212 - Initializing c3p0-0.9.5.2 [built 08-December-2015 22:06:04 -0800; debug? true; trace: 10]
2018-07-28 21:07:32,437 [main] INFO  o.s.s.quartz.SchedulerFactoryBean 538 - Loading Quartz config from [class path resource [quartz.properties]]
2018-07-28 21:07:32,460 [main] INFO  org.quartz.impl.StdSchedulerFactory 1208 - Using default implementation for ThreadExecutor
2018-07-28 21:07:32,461 [main] INFO  org.quartz.simpl.SimpleThreadPool 268 - Job execution threads will use class loader of thread: main
2018-07-28 21:07:32,471 [main] INFO  o.quartz.core.SchedulerSignalerImpl 61 - Initialized Scheduler Signaller of type: class org.quartz.core.SchedulerSignalerImpl
2018-07-28 21:07:32,471 [main] INFO  org.quartz.core.QuartzScheduler 229 - Quartz Scheduler v.2.3.0 created.
2018-07-28 21:07:32,492 [main] INFO  c.m.v.c.i.AbstractPoolBackedDataSource 212 - Initializing c3p0 pool... com.mchange.v2.c3p0.ComboPooledDataSource [ acquireIncrement -> 3, acquireRetryAttempts -> 10, acquireRetryDelay -> 1000, autoCommitOnClose -> false, automaticTestTable -> null, breakAfterAcquireFailure -> false, checkoutTimeout -> 0, connectionCustomizerClassName -> null, connectionTesterClassName -> com.mchange.v2.c3p0.impl.DefaultConnectionTester, contextClassLoaderSource -> caller, dataSourceName -> 1hgekpz9w1qfh3ca16ks9qq|280d4882, debugUnreturnedConnectionStackTraces -> false, description -> null, driverClass -> com.mysql.jdbc.Driver, extensions -> {}, factoryClassLocation -> null, forceIgnoreUnresolvedTransactions -> false, forceSynchronousCheckins -> false, forceUseNamedDriverClass -> false, identityToken -> 1hgekpz9w1qfh3ca16ks9qq|280d4882, idleConnectionTestPeriod -> 0, initialPoolSize -> 3, jdbcUrl -> jdbc:mysql://101.132.158.245:3308/xxl-job?useUnicode=true&characterEncoding=UTF-8&useSSL=false, maxAdministrativeTaskTime -> 0, maxConnectionAge -> 0, maxIdleTime -> 60, maxIdleTimeExcessConnections -> 0, maxPoolSize -> 10, maxStatements -> 0, maxStatementsPerConnection -> 0, minPoolSize -> 2, numHelperThreads -> 3, preferredTestQuery -> SELECT 1, privilegeSpawnedThreads -> false, properties -> {user=******, password=******}, propertyCycle -> 0, statementCacheNumDeferredCloseThreads -> 0, testConnectionOnCheckin -> false, testConnectionOnCheckout -> false, unreturnedConnectionTimeout -> 0, userOverrides -> {}, usesTraditionalReflectiveProxies -> false ]
2018-07-28 21:07:33,031 [main] INFO  o.s.s.quartz.LocalDataSourceJobStore 672 - Using db table-based data access locking (synchronization).
2018-07-28 21:07:33,033 [main] INFO  o.s.s.quartz.LocalDataSourceJobStore 145 - JobStoreCMT initialized.
2018-07-28 21:07:33,034 [main] INFO  org.quartz.core.QuartzScheduler 294 - Scheduler meta-data: Quartz Scheduler (v2.3.0) 'quartzScheduler' with instanceId 'feltondeMacBook-Pro.local1532783252461'
  Scheduler class: 'org.quartz.core.QuartzScheduler' - running locally.
  NOT STARTED.
  Currently in standby mode.
  Number of jobs executed: 0
  Using thread pool 'org.quartz.simpl.SimpleThreadPool' - with 15 threads.
  Using job-store 'org.springframework.scheduling.quartz.LocalDataSourceJobStore' - which supports persistence. and is clustered.

2018-07-28 21:07:33,034 [main] INFO  org.quartz.impl.StdSchedulerFactory 1362 - Quartz scheduler 'quartzScheduler' initialized from an externally provided properties instance.
2018-07-28 21:07:33,034 [main] INFO  org.quartz.impl.StdSchedulerFactory 1366 - Quartz scheduler version: 2.3.0
2018-07-28 21:07:33,036 [main] INFO  org.quartz.core.QuartzScheduler 2287 - JobFactory set to: org.springframework.scheduling.quartz.AdaptableJobFactory@750a04ec
2018-07-28 21:07:33,048 [main] INFO  c.x.j.a.c.s.XxlJobDynamicScheduler 81 - >>>>>>>>> init xxl-job admin success.
2018-07-28 21:07:33,407 [main] INFO  o.s.w.s.m.m.a.RequestMappingHandlerAdapter 534 - Looking for @ControllerAdvice: org.springframework.boot.context.embedded.AnnotationConfigEmbeddedWebApplicationContext@21129f1f: startup date [Sat Jul 28 21:07:30 CST 2018]; root of context hierarchy
2018-07-28 21:07:33,464 [main] INFO  o.s.w.s.m.m.a.RequestMappingHandlerMapping 543 - Mapped "{[/]}" onto public java.lang.String com.xxl.job.admin.controller.IndexController.index(org.springframework.ui.Model)
2018-07-28 21:07:33,465 [main] INFO  o.s.w.s.m.m.a.RequestMappingHandlerMapping 543 - Mapped "{[/help]}" onto public java.lang.String com.xxl.job.admin.controller.IndexController.help()
2018-07-28 21:07:33,465 [main] INFO  o.s.w.s.m.m.a.RequestMappingHandlerMapping 543 - Mapped "{[/chartInfo]}" onto public com.xxl.job.core.biz.model.ReturnT<java.util.Map<java.lang.String, java.lang.Object>> com.xxl.job.admin.controller.IndexController.chartInfo(java.util.Date,java.util.Date)
2018-07-28 21:07:33,465 [main] INFO  o.s.w.s.m.m.a.RequestMappingHandlerMapping 543 - Mapped "{[/toLogin]}" onto public java.lang.String com.xxl.job.admin.controller.IndexController.toLogin(org.springframework.ui.Model,javax.servlet.http.HttpServletRequest)
2018-07-28 21:07:33,466 [main] INFO  o.s.w.s.m.m.a.RequestMappingHandlerMapping 543 - Mapped "{[/login],methods=[POST]}" onto public com.xxl.job.core.biz.model.ReturnT<java.lang.String> com.xxl.job.admin.controller.IndexController.loginDo(javax.servlet.http.HttpServletRequest,javax.servlet.http.HttpServletResponse,java.lang.String,java.lang.String,java.lang.String)
2018-07-28 21:07:33,466 [main] INFO  o.s.w.s.m.m.a.RequestMappingHandlerMapping 543 - Mapped "{[/logout],methods=[POST]}" onto public com.xxl.job.core.biz.model.ReturnT<java.lang.String> com.xxl.job.admin.controller.IndexController.logout(javax.servlet.http.HttpServletRequest,javax.servlet.http.HttpServletResponse)
2018-07-28 21:07:33,467 [main] INFO  o.s.w.s.m.m.a.RequestMappingHandlerMapping 543 - Mapped "{[/api]}" onto public void com.xxl.job.admin.controller.JobApiController.api(javax.servlet.http.HttpServletRequest,javax.servlet.http.HttpServletResponse) throws java.io.IOException
2018-07-28 21:07:33,468 [main] INFO  o.s.w.s.m.m.a.RequestMappingHandlerMapping 543 - Mapped "{[/jobcode]}" onto public java.lang.String com.xxl.job.admin.controller.JobCodeController.index(org.springframework.ui.Model,int)
2018-07-28 21:07:33,469 [main] INFO  o.s.w.s.m.m.a.RequestMappingHandlerMapping 543 - Mapped "{[/jobcode/save]}" onto public com.xxl.job.core.biz.model.ReturnT<java.lang.String> com.xxl.job.admin.controller.JobCodeController.save(org.springframework.ui.Model,int,java.lang.String,java.lang.String)
2018-07-28 21:07:33,470 [main] INFO  o.s.w.s.m.m.a.RequestMappingHandlerMapping 543 - Mapped "{[/jobgroup]}" onto public java.lang.String com.xxl.job.admin.controller.JobGroupController.index(org.springframework.ui.Model)
2018-07-28 21:07:33,470 [main] INFO  o.s.w.s.m.m.a.RequestMappingHandlerMapping 543 - Mapped "{[/jobgroup/remove]}" onto public com.xxl.job.core.biz.model.ReturnT<java.lang.String> com.xxl.job.admin.controller.JobGroupController.remove(int)
2018-07-28 21:07:33,471 [main] INFO  o.s.w.s.m.m.a.RequestMappingHandlerMapping 543 - Mapped "{[/jobgroup/update]}" onto public com.xxl.job.core.biz.model.ReturnT<java.lang.String> com.xxl.job.admin.controller.JobGroupController.update(com.xxl.job.admin.core.model.XxlJobGroup)
2018-07-28 21:07:33,471 [main] INFO  o.s.w.s.m.m.a.RequestMappingHandlerMapping 543 - Mapped "{[/jobgroup/save]}" onto public com.xxl.job.core.biz.model.ReturnT<java.lang.String> com.xxl.job.admin.controller.JobGroupController.save(com.xxl.job.admin.core.model.XxlJobGroup)
2018-07-28 21:07:33,474 [main] INFO  o.s.w.s.m.m.a.RequestMappingHandlerMapping 543 - Mapped "{[/jobinfo]}" onto public java.lang.String com.xxl.job.admin.controller.JobInfoController.index(org.springframework.ui.Model,int)
2018-07-28 21:07:33,475 [main] INFO  o.s.w.s.m.m.a.RequestMappingHandlerMapping 543 - Mapped "{[/jobinfo/add]}" onto public com.xxl.job.core.biz.model.ReturnT<java.lang.String> com.xxl.job.admin.controller.JobInfoController.add(com.xxl.job.admin.core.model.XxlJobInfo)
2018-07-28 21:07:33,475 [main] INFO  o.s.w.s.m.m.a.RequestMappingHandlerMapping 543 - Mapped "{[/jobinfo/remove]}" onto public com.xxl.job.core.biz.model.ReturnT<java.lang.String> com.xxl.job.admin.controller.JobInfoController.remove(int)
2018-07-28 21:07:33,476 [main] INFO  o.s.w.s.m.m.a.RequestMappingHandlerMapping 543 - Mapped "{[/jobinfo/update]}" onto public com.xxl.job.core.biz.model.ReturnT<java.lang.String> com.xxl.job.admin.controller.JobInfoController.update(com.xxl.job.admin.core.model.XxlJobInfo)
2018-07-28 21:07:33,476 [main] INFO  o.s.w.s.m.m.a.RequestMappingHandlerMapping 543 - Mapped "{[/jobinfo/resume]}" onto public com.xxl.job.core.biz.model.ReturnT<java.lang.String> com.xxl.job.admin.controller.JobInfoController.resume(int)
2018-07-28 21:07:33,477 [main] INFO  o.s.w.s.m.m.a.RequestMappingHandlerMapping 543 - Mapped "{[/jobinfo/trigger]}" onto public com.xxl.job.core.biz.model.ReturnT<java.lang.String> com.xxl.job.admin.controller.JobInfoController.triggerJob(int)
2018-07-28 21:07:33,477 [main] INFO  o.s.w.s.m.m.a.RequestMappingHandlerMapping 543 - Mapped "{[/jobinfo/pageList]}" onto public java.util.Map<java.lang.String, java.lang.Object> com.xxl.job.admin.controller.JobInfoController.pageList(int,int,int,java.lang.String,java.lang.String,java.lang.String)
2018-07-28 21:07:33,478 [main] INFO  o.s.w.s.m.m.a.RequestMappingHandlerMapping 543 - Mapped "{[/jobinfo/pause]}" onto public com.xxl.job.core.biz.model.ReturnT<java.lang.String> com.xxl.job.admin.controller.JobInfoController.pause(int)
2018-07-28 21:07:33,481 [main] INFO  o.s.w.s.m.m.a.RequestMappingHandlerMapping 543 - Mapped "{[/joblog]}" onto public java.lang.String com.xxl.job.admin.controller.JobLogController.index(org.springframework.ui.Model,java.lang.Integer)
2018-07-28 21:07:33,482 [main] INFO  o.s.w.s.m.m.a.RequestMappingHandlerMapping 543 - Mapped "{[/joblog/pageList]}" onto public java.util.Map<java.lang.String, java.lang.Object> com.xxl.job.admin.controller.JobLogController.pageList(int,int,int,int,int,java.lang.String)
2018-07-28 21:07:33,482 [main] INFO  o.s.w.s.m.m.a.RequestMappingHandlerMapping 543 - Mapped "{[/joblog/getJobsByGroup]}" onto public com.xxl.job.core.biz.model.ReturnT<java.util.List<com.xxl.job.admin.core.model.XxlJobInfo>> com.xxl.job.admin.controller.JobLogController.getJobsByGroup(int)
2018-07-28 21:07:33,482 [main] INFO  o.s.w.s.m.m.a.RequestMappingHandlerMapping 543 - Mapped "{[/joblog/logKill]}" onto public com.xxl.job.core.biz.model.ReturnT<java.lang.String> com.xxl.job.admin.controller.JobLogController.logKill(int)
2018-07-28 21:07:33,483 [main] INFO  o.s.w.s.m.m.a.RequestMappingHandlerMapping 543 - Mapped "{[/joblog/logDetailPage]}" onto public java.lang.String com.xxl.job.admin.controller.JobLogController.logDetailPage(int,org.springframework.ui.Model)
2018-07-28 21:07:33,483 [main] INFO  o.s.w.s.m.m.a.RequestMappingHandlerMapping 543 - Mapped "{[/joblog/logDetailCat]}" onto public com.xxl.job.core.biz.model.ReturnT<com.xxl.job.core.biz.model.LogResult> com.xxl.job.admin.controller.JobLogController.logDetailCat(java.lang.String,long,int,int)
2018-07-28 21:07:33,483 [main] INFO  o.s.w.s.m.m.a.RequestMappingHandlerMapping 543 - Mapped "{[/joblog/clearLog]}" onto public com.xxl.job.core.biz.model.ReturnT<java.lang.String> com.xxl.job.admin.controller.JobLogController.clearLog(int,int,int)
2018-07-28 21:07:33,485 [main] INFO  o.s.w.s.m.m.a.RequestMappingHandlerMapping 543 - Mapped "{[/error]}" onto public org.springframework.http.ResponseEntity<java.util.Map<java.lang.String, java.lang.Object>> org.springframework.boot.autoconfigure.web.BasicErrorController.error(javax.servlet.http.HttpServletRequest)
2018-07-28 21:07:33,486 [main] INFO  o.s.w.s.m.m.a.RequestMappingHandlerMapping 543 - Mapped "{[/error],produces=[text/html]}" onto public org.springframework.web.servlet.ModelAndView org.springframework.boot.autoconfigure.web.BasicErrorController.errorHtml(javax.servlet.http.HttpServletRequest,javax.servlet.http.HttpServletResponse)
2018-07-28 21:07:33,514 [main] INFO  o.s.w.s.h.SimpleUrlHandlerMapping 362 - Mapped URL path [/webjars/**] onto handler of type [class org.springframework.web.servlet.resource.ResourceHttpRequestHandler]
2018-07-28 21:07:33,515 [main] INFO  o.s.w.s.h.SimpleUrlHandlerMapping 362 - Mapped URL path [/**] onto handler of type [class org.springframework.web.servlet.resource.ResourceHttpRequestHandler]
2018-07-28 21:07:33,544 [main] INFO  o.s.w.s.h.SimpleUrlHandlerMapping 362 - Mapped URL path [/**/favicon.ico] onto handler of type [class org.springframework.web.servlet.resource.ResourceHttpRequestHandler]
2018-07-28 21:07:33,912 [main] INFO  o.s.w.s.v.f.FreeMarkerConfigurer 127 - ClassTemplateLoader for Spring macros added to FreeMarker configuration
2018-07-28 21:07:34,461 [main] INFO  o.s.j.e.a.AnnotationMBeanExporter 431 - Registering beans for JMX exposure on startup
2018-07-28 21:07:34,469 [main] INFO  o.s.c.s.DefaultLifecycleProcessor 341 - Starting beans in phase 2147483647
2018-07-28 21:07:34,470 [main] INFO  o.s.s.quartz.SchedulerFactoryBean 689 - Will start Quartz Scheduler [quartzScheduler] in 20 seconds
2018-07-28 21:07:34,477 [main] INFO  o.a.coyote.http11.Http11NioProtocol 180 - Starting ProtocolHandler ["http-nio-9000"]
2018-07-28 21:07:34,498 [main] INFO  o.a.tomcat.util.net.NioSelectorPool 180 - Using a shared selector for servlet write/read
2018-07-28 21:07:34,511 [main] INFO  o.s.b.c.e.t.TomcatEmbeddedServletContainer 216 - Tomcat started on port(s): 9000 (http)
2018-07-28 21:07:34,516 [main] INFO  com.github.xxl.job.admin.Application 57 - Started Application in 5.739 seconds (JVM running for 7.32)
2018-07-28 21:07:40,530 [http-nio-9000-exec-1] INFO  o.a.c.c.C.[Tomcat].[localhost].[/] 180 - Initializing Spring FrameworkServlet 'dispatcherServlet'
2018-07-28 21:07:40,530 [http-nio-9000-exec-1] INFO  o.s.web.servlet.DispatcherServlet 489 - FrameworkServlet 'dispatcherServlet': initialization started
2018-07-28 21:07:40,554 [http-nio-9000-exec-1] INFO  o.s.web.servlet.DispatcherServlet 508 - FrameworkServlet 'dispatcherServlet': initialization completed in 24 ms
2018-07-28 21:07:44,244 [Thread-10] INFO  o.s.b.c.e.AnnotationConfigEmbeddedWebApplicationContext 984 - Closing org.springframework.boot.context.embedded.AnnotationConfigEmbeddedWebApplicationContext@21129f1f: startup date [Sat Jul 28 21:07:30 CST 2018]; root of context hierarchy
2018-07-28 21:07:44,248 [Thread-10] INFO  o.s.c.s.DefaultLifecycleProcessor 356 - Stopping beans in phase 2147483647
2018-07-28 21:07:44,249 [Thread-10] INFO  o.s.j.e.a.AnnotationMBeanExporter 449 - Unregistering JMX-exposed beans on shutdown
2018-07-28 21:07:44,256 [Thread-10] INFO  o.s.s.quartz.SchedulerFactoryBean 806 - Shutting down Quartz Scheduler
2018-07-28 21:07:44,257 [Thread-10] INFO  org.quartz.core.QuartzScheduler 666 - Scheduler quartzScheduler_$_feltondeMacBook-Pro.local1532783252461 shutting down.
2018-07-28 21:07:44,257 [Thread-10] INFO  org.quartz.core.QuartzScheduler 585 - Scheduler quartzScheduler_$_feltondeMacBook-Pro.local1532783252461 paused.
2018-07-28 21:07:44,258 [Thread-10] INFO  org.quartz.core.QuartzScheduler 740 - Scheduler quartzScheduler_$_feltondeMacBook-Pro.local1532783252461 shutdown complete.
